2022/02/22 09:33:53 [notice] 1#1: using the "epoll" event method
2022/02/22 09:33:53 [notice] 1#1: nginx/1.20.2
2022/02/22 09:33:53 [notice] 1#1: built by gcc 10.3.1 20210424 (Alpine 10.3.1_git20210424) 
2022/02/22 09:33:53 [notice] 1#1: OS: Linux 5.4.0-99-generic
2022/02/22 09:33:53 [notice] 1#1: getrlimit(RLIMIT_NOFILE): 1048576:1048576
2022/02/22 09:33:53 [notice] 1#1: start worker processes
2022/02/22 09:33:53 [notice] 1#1: start worker process 23
2022/02/22 09:33:53 [notice] 1#1: start worker process 24
2022/02/22 09:33:53 [notice] 1#1: start worker process 25
2022/02/22 09:33:53 [notice] 1#1: start worker process 26
2022/02/22 09:34:27 [error] 25#25: *2 open() "/var/www/favicon.ico" failed (2: No such file or directory), client: 172.26.0.1, server: sites.local, request: "GET /favicon.ico HTTP/1.1", host: "sites.local:8083", referrer: "http://sites.local:8083/"
2022/02/22 09:38:21 [notice] 1#1: signal 3 (SIGQUIT) received, shutting down
2022/02/22 09:38:21 [notice] 25#25: gracefully shutting down
2022/02/22 09:38:21 [notice] 24#24: gracefully shutting down
2022/02/22 09:38:21 [notice] 23#23: gracefully shutting down
2022/02/22 09:38:21 [notice] 25#25: exiting
2022/02/22 09:38:21 [notice] 24#24: exiting
2022/02/22 09:38:21 [notice] 23#23: exiting
2022/02/22 09:38:21 [notice] 25#25: exit
2022/02/22 09:38:21 [notice] 24#24: exit
2022/02/22 09:38:21 [notice] 23#23: exit
2022/02/22 09:38:21 [notice] 26#26: gracefully shutting down
2022/02/22 09:38:21 [notice] 26#26: exiting
2022/02/22 09:38:21 [notice] 26#26: exit
2022/02/22 09:38:21 [notice] 1#1: signal 17 (SIGCHLD) received from 24
2022/02/22 09:38:21 [notice] 1#1: worker process 24 exited with code 0
2022/02/22 09:38:21 [notice] 1#1: worker process 25 exited with code 0
2022/02/22 09:38:21 [notice] 1#1: signal 29 (SIGIO) received
2022/02/22 09:38:21 [notice] 1#1: signal 17 (SIGCHLD) received from 25
2022/02/22 09:38:21 [notice] 1#1: signal 17 (SIGCHLD) received from 26
2022/02/22 09:38:21 [notice] 1#1: worker process 23 exited with code 0
2022/02/22 09:38:21 [notice] 1#1: worker process 26 exited with code 0
2022/02/22 09:38:21 [notice] 1#1: exit
2022/02/22 09:42:28 [notice] 1#1: using the "epoll" event method
2022/02/22 09:42:28 [notice] 1#1: nginx/1.20.2
2022/02/22 09:42:28 [notice] 1#1: built by gcc 10.3.1 20210424 (Alpine 10.3.1_git20210424) 
2022/02/22 09:42:28 [notice] 1#1: OS: Linux 5.4.0-99-generic
2022/02/22 09:42:28 [notice] 1#1: getrlimit(RLIMIT_NOFILE): 1048576:1048576
2022/02/22 09:42:28 [notice] 1#1: start worker processes
2022/02/22 09:42:28 [notice] 1#1: start worker process 21
2022/02/22 09:42:28 [notice] 1#1: start worker process 22
2022/02/22 09:42:28 [notice] 1#1: start worker process 23
2022/02/22 09:42:28 [notice] 1#1: start worker process 24
2022/02/22 10:01:18 [notice] 1#1: signal 3 (SIGQUIT) received, shutting down
2022/02/22 10:01:18 [notice] 22#22: gracefully shutting down
2022/02/22 10:01:18 [notice] 23#23: gracefully shutting down
2022/02/22 10:01:18 [notice] 21#21: gracefully shutting down
2022/02/22 10:01:18 [notice] 22#22: exiting
2022/02/22 10:01:18 [notice] 23#23: exiting
2022/02/22 10:01:18 [notice] 21#21: exiting
2022/02/22 10:01:18 [notice] 22#22: exit
2022/02/22 10:01:18 [notice] 23#23: exit
2022/02/22 10:01:18 [notice] 21#21: exit
2022/02/22 10:01:18 [notice] 24#24: gracefully shutting down
2022/02/22 10:01:18 [notice] 24#24: exiting
2022/02/22 10:01:18 [notice] 24#24: exit
2022/02/22 10:01:18 [notice] 1#1: signal 17 (SIGCHLD) received from 24
2022/02/22 10:01:18 [notice] 1#1: worker process 24 exited with code 0
2022/02/22 10:01:18 [notice] 1#1: signal 29 (SIGIO) received
2022/02/22 10:01:18 [notice] 1#1: signal 17 (SIGCHLD) received from 22
2022/02/22 10:01:18 [notice] 1#1: worker process 22 exited with code 0
2022/02/22 10:01:18 [notice] 1#1: signal 29 (SIGIO) received
2022/02/22 10:01:18 [notice] 1#1: signal 17 (SIGCHLD) received from 21
2022/02/22 10:01:18 [notice] 1#1: worker process 21 exited with code 0
2022/02/22 10:01:18 [notice] 1#1: signal 29 (SIGIO) received
2022/02/22 10:01:18 [notice] 1#1: signal 17 (SIGCHLD) received from 23
2022/02/22 10:01:18 [notice] 1#1: worker process 23 exited with code 0
2022/02/22 10:01:18 [notice] 1#1: exit
2022/02/22 10:05:54 [notice] 1#1: using the "epoll" event method
2022/02/22 10:05:54 [notice] 1#1: nginx/1.20.2
2022/02/22 10:05:54 [notice] 1#1: built by gcc 10.3.1 20210424 (Alpine 10.3.1_git20210424) 
2022/02/22 10:05:54 [notice] 1#1: OS: Linux 5.4.0-99-generic
2022/02/22 10:05:54 [notice] 1#1: getrlimit(RLIMIT_NOFILE): 1048576:1048576
2022/02/22 10:05:54 [notice] 1#1: start worker processes
2022/02/22 10:05:54 [notice] 1#1: start worker process 23
2022/02/22 10:05:54 [notice] 1#1: start worker process 24
2022/02/22 10:05:54 [notice] 1#1: start worker process 25
2022/02/22 10:05:54 [notice] 1#1: start worker process 26
2022/02/22 12:53:53 [error] 23#23: *62 open() "/var/www/favicon.ico" failed (2: No such file or directory), client: 172.28.0.1, server: sites.local, request: "GET /favicon.ico HTTP/1.1", host: "sites.local:8083", referrer: "http://sites.local:8083/"
2022/02/22 15:55:55 [notice] 1#1: signal 3 (SIGQUIT) received, shutting down
2022/02/22 15:55:55 [notice] 25#25: gracefully shutting down
2022/02/22 15:55:55 [notice] 24#24: gracefully shutting down
2022/02/22 15:55:55 [notice] 25#25: exiting
2022/02/22 15:55:55 [notice] 26#26: gracefully shutting down
2022/02/22 15:55:55 [notice] 24#24: exiting
2022/02/22 15:55:55 [notice] 26#26: exiting
2022/02/22 15:55:55 [notice] 25#25: exit
2022/02/22 15:55:55 [notice] 23#23: gracefully shutting down
2022/02/22 15:55:55 [notice] 24#24: exit
2022/02/22 15:55:55 [notice] 26#26: exit
2022/02/22 15:55:55 [notice] 23#23: exiting
2022/02/22 15:55:55 [notice] 23#23: exit
2022/02/22 15:55:55 [notice] 1#1: signal 17 (SIGCHLD) received from 23
2022/02/22 15:55:55 [notice] 1#1: worker process 23 exited with code 0
2022/02/22 15:55:55 [notice] 1#1: signal 29 (SIGIO) received
2022/02/22 15:55:55 [notice] 1#1: signal 17 (SIGCHLD) received from 25
2022/02/22 15:55:55 [notice] 1#1: worker process 25 exited with code 0
2022/02/22 15:55:55 [notice] 1#1: signal 29 (SIGIO) received
2022/02/22 15:55:56 [notice] 1#1: signal 17 (SIGCHLD) received from 24
2022/02/22 15:55:56 [notice] 1#1: worker process 24 exited with code 0
2022/02/22 15:55:56 [notice] 1#1: signal 29 (SIGIO) received
2022/02/22 15:55:56 [notice] 1#1: signal 17 (SIGCHLD) received from 26
2022/02/22 15:55:56 [notice] 1#1: worker process 26 exited with code 0
2022/02/22 15:55:56 [notice] 1#1: exit
2022/02/25 08:21:57 [notice] 1#1: using the "epoll" event method
2022/02/25 08:21:57 [notice] 1#1: nginx/1.20.2
2022/02/25 08:21:57 [notice] 1#1: built by gcc 10.3.1 20210424 (Alpine 10.3.1_git20210424) 
2022/02/25 08:21:57 [notice] 1#1: OS: Linux 5.4.0-100-generic
2022/02/25 08:21:57 [notice] 1#1: getrlimit(RLIMIT_NOFILE): 1048576:1048576
2022/02/25 08:21:57 [notice] 1#1: start worker processes
2022/02/25 08:21:57 [notice] 1#1: start worker process 22
2022/02/25 08:21:57 [notice] 1#1: start worker process 23
2022/02/25 08:21:57 [notice] 1#1: start worker process 24
2022/02/25 08:21:57 [notice] 1#1: start worker process 25
2022/02/25 08:22:07 [error] 22#22: *1 open() "/var/www/favicon.ico" failed (2: No such file or directory), client: 172.24.0.1, server: sites.local, request: "GET /favicon.ico HTTP/1.1", host: "sites.local:8083", referrer: "http://sites.local:8083/"
